00:42:12.630 [ WARN] 9455 --- [HikariPool-1 housekeeper] com.zaxxer.hikari.pool.HikariPool        : HikariPool-1 - Thread starvation or clock leap detected (housekeeper delta=58m77ms).
02:42:42.169 [ WARN] 9455 --- [HikariPool-1 housekeeper] com.zaxxer.hikari.pool.HikariPool        : HikariPool-1 - Thread starvation or clock leap detected (housekeeper delta=2h29s540ms).
04:43:41.724 [ WARN] 9455 --- [HikariPool-1 housekeeper] com.zaxxer.hikari.pool.HikariPool        : HikariPool-1 - Thread starvation or clock leap detected (housekeeper delta=2h29s478ms).
05:14:17.309 [ WARN] 9455 --- [HikariPool-1 housekeeper] com.zaxxer.hikari.pool.HikariPool        : HikariPool-1 - Thread starvation or clock leap detected (housekeeper delta=30m35s585ms).
05:43:32.921 [ WARN] 9455 --- [HikariPool-1 housekeeper] com.zaxxer.hikari.pool.HikariPool        : HikariPool-1 - Thread starvation or clock leap detected (housekeeper delta=29m15s605ms).
07:15:08.737 [ WARN] 9455 --- [HikariPool-1 housekeeper] com.zaxxer.hikari.pool.HikariPool        : HikariPool-1 - Thread starvation or clock leap detected (housekeeper delta=1h31m5s795ms).
08:19:59.868 [ WARN] 9455 --- [HikariPool-1 housekeeper] com.zaxxer.hikari.pool.HikariPool        : HikariPool-1 - Thread starvation or clock leap detected (housekeeper delta=1h4m21s110ms).
12:21:51.908 [ WARN] 9455 --- [HikariPool-1 housekeeper] com.zaxxer.hikari.pool.HikariPool        : HikariPool-1 - Thread starvation or clock leap detected (housekeeper delta=21m50s988ms).
13:38:27.007 [ WARN] 9455 --- [HikariPool-1 housekeeper] com.zaxxer.hikari.pool.HikariPool        : HikariPool-1 - Thread starvation or clock leap detected (housekeeper delta=1h16m5s80ms).
14:59:34.772 [ WARN] 9455 --- [HikariPool-1 housekeeper] com.zaxxer.hikari.pool.HikariPool        : HikariPool-1 - Thread starvation or clock leap detected (housekeeper delta=16m7s358ms).
16:49:42.378 [ INFO] 9455 --- [SpringApplicationShutdownHook] j.LocalContainerEntityManagerFactoryBean : Closing JPA EntityManagerFactory for persistence unit 'default'
16:49:42.392 [ INFO] 9455 --- [SpringApplicationShutdownHook] com.zaxxer.hikari.HikariDataSource       : HikariPool-1 - Shutdown initiated...
16:49:42.399 [ INFO] 9455 --- [SpringApplicationShutdownHook] com.zaxxer.hikari.HikariDataSource       : HikariPool-1 - Shutdown completed.
16:49:48.706 [ INFO] 17887 --- [restartedMain] com.cloud.secure.streaming.Application   : Starting Application using Java 20.0.1 on MBP-cua-Thuong with PID 17887 (/Users/mac/Documents/book-backend/target/classes started by mac in /Users/mac/Documents/book-backend)
16:49:48.708 [ INFO] 17887 --- [restartedMain] com.cloud.secure.streaming.Application   : The following 1 profile is active: "local"
16:49:48.751 [ INFO] 17887 --- [restartedMain] .e.DevToolsPropertyDefaultsPostProcessor : Devtools property defaults active! Set 'spring.devtools.add-properties' to 'false' to disable
16:49:48.751 [ INFO] 17887 --- [restartedMain] .e.DevToolsPropertyDefaultsPostProcessor : For additional web related logging consider setting the 'logging.level.web' property to 'DEBUG'
16:49:49.559 [ INFO] 17887 --- [restartedMain] .s.d.r.c.RepositoryConfigurationDelegate : Multiple Spring Data modules found, entering strict repository configuration mode
16:49:49.560 [ INFO] 17887 --- [restartedMain] .s.d.r.c.RepositoryConfigurationDelegate : Bootstrapping Spring Data JDBC repositories in DEFAULT mode.
16:49:49.610 [ INFO] 17887 --- [restartedMain] .RepositoryConfigurationExtensionSupport : Spring Data JDBC - Could not safely identify store assignment for repository candidate interface com.cloud.secure.streaming.repositories.CategoryRepository; If you want this repository to be a JDBC repository, consider annotating your entities with one of these annotations: org.springframework.data.relational.core.mapping.Table.
16:49:49.611 [ INFO] 17887 --- [restartedMain] .RepositoryConfigurationExtensionSupport : Spring Data JDBC - Could not safely identify store assignment for repository candidate interface com.cloud.secure.streaming.repositories.ProductCategoryRepository; If you want this repository to be a JDBC repository, consider annotating your entities with one of these annotations: org.springframework.data.relational.core.mapping.Table.
16:49:49.612 [ INFO] 17887 --- [restartedMain] .RepositoryConfigurationExtensionSupport : Spring Data JDBC - Could not safely identify store assignment for repository candidate interface com.cloud.secure.streaming.repositories.ProductImagesRepository; If you want this repository to be a JDBC repository, consider annotating your entities with one of these annotations: org.springframework.data.relational.core.mapping.Table.
16:49:49.613 [ INFO] 17887 --- [restartedMain] .RepositoryConfigurationExtensionSupport : Spring Data JDBC - Could not safely identify store assignment for repository candidate interface com.cloud.secure.streaming.repositories.ProductRepository; If you want this repository to be a JDBC repository, consider annotating your entities with one of these annotations: org.springframework.data.relational.core.mapping.Table.
16:49:49.614 [ INFO] 17887 --- [restartedMain] .RepositoryConfigurationExtensionSupport : Spring Data JDBC - Could not safely identify store assignment for repository candidate interface com.cloud.secure.streaming.repositories.SessionRepository; If you want this repository to be a JDBC repository, consider annotating your entities with one of these annotations: org.springframework.data.relational.core.mapping.Table.
16:49:49.615 [ INFO] 17887 --- [restartedMain] .RepositoryConfigurationExtensionSupport : Spring Data JDBC - Could not safely identify store assignment for repository candidate interface com.cloud.secure.streaming.repositories.UserRepository; If you want this repository to be a JDBC repository, consider annotating your entities with one of these annotations: org.springframework.data.relational.core.mapping.Table.
16:49:49.616 [ INFO] 17887 --- [restartedMain] .s.d.r.c.RepositoryConfigurationDelegate : Finished Spring Data repository scanning in 49 ms. Found 0 JDBC repository interfaces.
16:49:49.624 [ INFO] 17887 --- [restartedMain] .s.d.r.c.RepositoryConfigurationDelegate : Multiple Spring Data modules found, entering strict repository configuration mode
16:49:49.626 [ INFO] 17887 --- [restartedMain] .s.d.r.c.RepositoryConfigurationDelegate : Bootstrapping Spring Data JPA repositories in DEFAULT mode.
16:49:49.688 [ INFO] 17887 --- [restartedMain] .s.d.r.c.RepositoryConfigurationDelegate : Finished Spring Data repository scanning in 45 ms. Found 6 JPA repository interfaces.
16:49:50.649 [ INFO] 17887 --- [restartedMain] o.s.b.w.embedded.tomcat.TomcatWebServer  : Tomcat initialized with port(s): 8081 (http)
16:49:50.659 [ INFO] 17887 --- [restartedMain] o.apache.catalina.core.StandardService   : Starting service [Tomcat]
16:49:50.659 [ INFO] 17887 --- [restartedMain] org.apache.catalina.core.StandardEngine  : Starting Servlet engine: [Apache Tomcat/9.0.71]
16:49:50.727 [ INFO] 17887 --- [restartedMain] o.a.c.c.C.[Tomcat].[localhost].[/]       : Initializing Spring embedded WebApplicationContext
16:49:50.727 [ INFO] 17887 --- [restartedMain] w.s.c.ServletWebServerApplicationContext : Root WebApplicationContext: initialization completed in 1976 ms
16:49:50.928 [ INFO] 17887 --- [restartedMain] o.hibernate.jpa.internal.util.LogHelper  : HHH000204: Processing PersistenceUnitInfo [name: default]
16:49:50.995 [ INFO] 17887 --- [restartedMain] org.hibernate.Version                    : HHH000412: Hibernate ORM core version 5.6.14.Final
16:49:51.158 [ INFO] 17887 --- [restartedMain] o.hibernate.annotations.common.Version   : HCANN000001: Hibernate Commons Annotations {5.1.2.Final}
16:49:51.252 [ INFO] 17887 --- [restartedMain] com.zaxxer.hikari.HikariDataSource       : HikariPool-1 - Starting...
16:49:51.401 [ INFO] 17887 --- [restartedMain] com.zaxxer.hikari.HikariDataSource       : HikariPool-1 - Start completed.
16:49:51.435 [ INFO] 17887 --- [restartedMain] org.hibernate.dialect.Dialect            : HHH000400: Using dialect: org.hibernate.dialect.MySQL55Dialect
16:49:51.484 [ INFO] 17887 --- [restartedMain] Hibernate Types                          : This framework is proudly powered by:

>>>>>>>>>>>>>>>>>>>>>>>>>>>>>>>>>>>>>>>>>>>>>>>>>>>>>>>>>>>>>>>>
 _    _                           _     _
| |  | |                         (_)   | |
| |__| |_   _ _ __   ___ _ __ ___ _ ___| |_ ___ _ __   ___ ___
|  __  | | | | '_ \ / _ \ '__/ __| / __| __/ _ \ '_ \ / __/ _ \
| |  | | |_| | |_) |  __/ |  \__ \ \__ \ ||  __/ | | | (_|  __/
|_|  |_|\__, | .__/ \___|_|  |___/_|___/\__\___|_| |_|\___\___|
         __/ | |
        |___/|_|

At Hypersistence, we only build amazing tools, like Hibernate Types, Flexy Pool, or Hypersistence Optimizer.

What if there were a tool that could automatically detect JPA and Hibernate performance issues?

Hypersistence Optimizer is that tool! For more details, go to: 

https://vladmihalcea.com/hypersistence-optimizer/
<<<<<<<<<<<<<<<<<<<<<<<<<<<<<<<<<<<<<<<<<<<<<<<<<<<<<<<<<<<<<<<<

16:49:52.344 [ INFO] 17887 --- [restartedMain] o.h.e.t.j.p.i.JtaPlatformInitiator       : HHH000490: Using JtaPlatform implementation: [org.hibernate.engine.transaction.jta.platform.internal.NoJtaPlatform]
16:49:52.355 [ INFO] 17887 --- [restartedMain] j.LocalContainerEntityManagerFactoryBean : Initialized JPA EntityManagerFactory for persistence unit 'default'
16:49:53.186 [ WARN] 17887 --- [restartedMain] .s.s.UserDetailsServiceAutoConfiguration : 

Using generated security password: 53fce6e6-c187-4511-9e00-ec8b6eb63b6e

This generated password is for development use only. Your security configuration must be updated before running your application in production.

16:49:53.441 [ WARN] 17887 --- [restartedMain] JpaBaseConfiguration$JpaWebConfiguration : spring.jpa.open-in-view is enabled by default. Therefore, database queries may be performed during view rendering. Explicitly configure spring.jpa.open-in-view to disable this warning
16:49:53.483 [ INFO] 17887 --- [restartedMain] o.s.b.a.w.s.WelcomePageHandlerMapping    : Adding welcome page: class path resource [static/index.html]
16:49:54.062 [ INFO] 17887 --- [restartedMain] o.s.s.web.DefaultSecurityFilterChain     : Will secure any request with [org.springframework.security.web.session.DisableEncodeUrlFilter@fc1807b, org.springframework.security.web.context.request.async.WebAsyncManagerIntegrationFilter@77c714c1, org.springframework.security.web.context.SecurityContextPersistenceFilter@28507f02, org.springframework.security.web.header.HeaderWriterFilter@7ce33274, org.springframework.web.filter.CorsFilter@3522f16e, org.springframework.security.web.authentication.logout.LogoutFilter@6105acc0, com.cloud.secure.streaming.config.security.AuthTokenFilter@6aa253b2, org.springframework.security.web.savedrequest.RequestCacheAwareFilter@7fecdb4e, org.springframework.security.web.servletapi.SecurityContextHolderAwareRequestFilter@200a5980, org.springframework.security.web.authentication.AnonymousAuthenticationFilter@4be8ff15, org.springframework.security.web.session.SessionManagementFilter@1255648b, org.springframework.security.web.access.ExceptionTranslationFilter@715f5091, org.springframework.security.web.access.intercept.FilterSecurityInterceptor@5ba8ffa]
16:49:54.647 [ INFO] 17887 --- [restartedMain] o.s.b.d.a.OptionalLiveReloadServer       : LiveReload server is running on port 35729
16:49:54.697 [ INFO] 17887 --- [restartedMain] o.s.b.w.embedded.tomcat.TomcatWebServer  : Tomcat started on port(s): 8081 (http) with context path ''
16:49:54.715 [ INFO] 17887 --- [restartedMain] com.cloud.secure.streaming.Application   : Started Application in 6.386 seconds (JVM running for 7.344)
17:20:13.545 [ WARN] 17887 --- [HikariPool-1 housekeeper] com.zaxxer.hikari.pool.HikariPool        : HikariPool-1 - Thread starvation or clock leap detected (housekeeper delta=11m43s244ms).
17:52:17.107 [ WARN] 17887 --- [HikariPool-1 housekeeper] com.zaxxer.hikari.pool.HikariPool        : HikariPool-1 - Thread starvation or clock leap detected (housekeeper delta=2m3s343ms).
17:53:41.085 [ WARN] 17887 --- [HikariPool-1 housekeeper] com.zaxxer.hikari.pool.HikariPool        : HikariPool-1 - Thread starvation or clock leap detected (housekeeper delta=53s967ms).
17:55:27.247 [ WARN] 17887 --- [HikariPool-1 housekeeper] com.zaxxer.hikari.pool.HikariPool        : HikariPool-1 - Thread starvation or clock leap detected (housekeeper delta=1m16s154ms).
18:19:49.993 [ WARN] 17887 --- [HikariPool-1 housekeeper] com.zaxxer.hikari.pool.HikariPool        : HikariPool-1 - Thread starvation or clock leap detected (housekeeper delta=24m22s746ms).
20:33:39.670 [ WARN] 17887 --- [HikariPool-1 housekeeper] com.zaxxer.hikari.pool.HikariPool        : HikariPool-1 - Thread starvation or clock leap detected (housekeeper delta=2h19s580ms).
22:33:49.937 [ WARN] 17887 --- [HikariPool-1 housekeeper] com.zaxxer.hikari.pool.HikariPool        : HikariPool-1 - Thread starvation or clock leap detected (housekeeper delta=2h10s42ms).
