16:33:39.034 [ INFO] 21948 --- [restartedMain] com.cloud.secure.streaming.Application   : Starting Application using Java 20.0.1 on MBP-cua-Thuong with PID 21948 (/Users/mac/Documents/book-backend/target/classes started by mac in /Users/mac/Documents/book-backend)
16:33:39.038 [ INFO] 21948 --- [restartedMain] com.cloud.secure.streaming.Application   : The following 1 profile is active: "local"
16:33:39.079 [ INFO] 21948 --- [restartedMain] .e.DevToolsPropertyDefaultsPostProcessor : Devtools property defaults active! Set 'spring.devtools.add-properties' to 'false' to disable
16:33:39.079 [ INFO] 21948 --- [restartedMain] .e.DevToolsPropertyDefaultsPostProcessor : For additional web related logging consider setting the 'logging.level.web' property to 'DEBUG'
16:33:39.647 [ INFO] 21948 --- [restartedMain] .s.d.r.c.RepositoryConfigurationDelegate : Multiple Spring Data modules found, entering strict repository configuration mode
16:33:39.648 [ INFO] 21948 --- [restartedMain] .s.d.r.c.RepositoryConfigurationDelegate : Bootstrapping Spring Data JDBC repositories in DEFAULT mode.
16:33:39.678 [ INFO] 21948 --- [restartedMain] .RepositoryConfigurationExtensionSupport : Spring Data JDBC - Could not safely identify store assignment for repository candidate interface com.cloud.secure.streaming.repositories.SessionRepository; If you want this repository to be a JDBC repository, consider annotating your entities with one of these annotations: org.springframework.data.relational.core.mapping.Table.
16:33:39.680 [ INFO] 21948 --- [restartedMain] .RepositoryConfigurationExtensionSupport : Spring Data JDBC - Could not safely identify store assignment for repository candidate interface com.cloud.secure.streaming.repositories.UserRepository; If you want this repository to be a JDBC repository, consider annotating your entities with one of these annotations: org.springframework.data.relational.core.mapping.Table.
16:33:39.680 [ INFO] 21948 --- [restartedMain] .s.d.r.c.RepositoryConfigurationDelegate : Finished Spring Data repository scanning in 28 ms. Found 0 JDBC repository interfaces.
16:33:39.686 [ INFO] 21948 --- [restartedMain] .s.d.r.c.RepositoryConfigurationDelegate : Multiple Spring Data modules found, entering strict repository configuration mode
16:33:39.694 [ INFO] 21948 --- [restartedMain] .s.d.r.c.RepositoryConfigurationDelegate : Bootstrapping Spring Data JPA repositories in DEFAULT mode.
16:33:39.722 [ INFO] 21948 --- [restartedMain] .s.d.r.c.RepositoryConfigurationDelegate : Finished Spring Data repository scanning in 25 ms. Found 2 JPA repository interfaces.
16:33:40.425 [ INFO] 21948 --- [restartedMain] o.s.b.w.embedded.tomcat.TomcatWebServer  : Tomcat initialized with port(s): 8081 (http)
16:33:40.435 [ INFO] 21948 --- [restartedMain] o.apache.catalina.core.StandardService   : Starting service [Tomcat]
16:33:40.435 [ INFO] 21948 --- [restartedMain] org.apache.catalina.core.StandardEngine  : Starting Servlet engine: [Apache Tomcat/9.0.71]
16:33:40.493 [ INFO] 21948 --- [restartedMain] o.a.c.c.C.[Tomcat].[localhost].[/]       : Initializing Spring embedded WebApplicationContext
16:33:40.494 [ INFO] 21948 --- [restartedMain] w.s.c.ServletWebServerApplicationContext : Root WebApplicationContext: initialization completed in 1415 ms
16:33:40.624 [ INFO] 21948 --- [restartedMain] o.hibernate.jpa.internal.util.LogHelper  : HHH000204: Processing PersistenceUnitInfo [name: default]
16:33:40.655 [ INFO] 21948 --- [restartedMain] org.hibernate.Version                    : HHH000412: Hibernate ORM core version 5.6.14.Final
16:33:40.769 [ INFO] 21948 --- [restartedMain] o.hibernate.annotations.common.Version   : HCANN000001: Hibernate Commons Annotations {5.1.2.Final}
16:33:40.845 [ INFO] 21948 --- [restartedMain] com.zaxxer.hikari.HikariDataSource       : HikariPool-1 - Starting...
16:33:40.978 [ INFO] 21948 --- [restartedMain] com.zaxxer.hikari.HikariDataSource       : HikariPool-1 - Start completed.
16:33:41.003 [ INFO] 21948 --- [restartedMain] org.hibernate.dialect.Dialect            : HHH000400: Using dialect: org.hibernate.dialect.MySQL55Dialect
16:33:41.033 [ INFO] 21948 --- [restartedMain] Hibernate Types                          : This framework is proudly powered by:

>>>>>>>>>>>>>>>>>>>>>>>>>>>>>>>>>>>>>>>>>>>>>>>>>>>>>>>>>>>>>>>>
 _    _                           _     _
| |  | |                         (_)   | |
| |__| |_   _ _ __   ___ _ __ ___ _ ___| |_ ___ _ __   ___ ___
|  __  | | | | '_ \ / _ \ '__/ __| / __| __/ _ \ '_ \ / __/ _ \
| |  | | |_| | |_) |  __/ |  \__ \ \__ \ ||  __/ | | | (_|  __/
|_|  |_|\__, | .__/ \___|_|  |___/_|___/\__\___|_| |_|\___\___|
         __/ | |
        |___/|_|

At Hypersistence, we only build amazing tools, like Hibernate Types, Flexy Pool, or Hypersistence Optimizer.

What if there were a tool that could automatically detect JPA and Hibernate performance issues?

Hypersistence Optimizer is that tool! For more details, go to: 

https://vladmihalcea.com/hypersistence-optimizer/
<<<<<<<<<<<<<<<<<<<<<<<<<<<<<<<<<<<<<<<<<<<<<<<<<<<<<<<<<<<<<<<<

16:33:41.526 [ INFO] 21948 --- [restartedMain] o.h.e.t.j.p.i.JtaPlatformInitiator       : HHH000490: Using JtaPlatform implementation: [org.hibernate.engine.transaction.jta.platform.internal.NoJtaPlatform]
16:33:41.532 [ INFO] 21948 --- [restartedMain] j.LocalContainerEntityManagerFactoryBean : Initialized JPA EntityManagerFactory for persistence unit 'default'
16:33:42.047 [ WARN] 21948 --- [restartedMain] .s.s.UserDetailsServiceAutoConfiguration : 

Using generated security password: 53761ec8-f7be-4849-a405-e69e999cb28e

This generated password is for development use only. Your security configuration must be updated before running your application in production.

16:33:42.242 [ WARN] 21948 --- [restartedMain] JpaBaseConfiguration$JpaWebConfiguration : spring.jpa.open-in-view is enabled by default. Therefore, database queries may be performed during view rendering. Explicitly configure spring.jpa.open-in-view to disable this warning
16:33:42.278 [ INFO] 21948 --- [restartedMain] o.s.b.a.w.s.WelcomePageHandlerMapping    : Adding welcome page: class path resource [static/index.html]
16:33:42.616 [ INFO] 21948 --- [restartedMain] o.s.s.web.DefaultSecurityFilterChain     : Will secure any request with [org.springframework.security.web.session.DisableEncodeUrlFilter@599c8d62, org.springframework.security.web.context.request.async.WebAsyncManagerIntegrationFilter@3ab12d0a, org.springframework.security.web.context.SecurityContextPersistenceFilter@7349cc6b, org.springframework.security.web.header.HeaderWriterFilter@6f7a78a0, org.springframework.web.filter.CorsFilter@31ff5156, org.springframework.security.web.authentication.logout.LogoutFilter@95ae47b, com.cloud.secure.streaming.config.security.AuthTokenFilter@6e27be92, org.springframework.security.web.savedrequest.RequestCacheAwareFilter@5e034027, org.springframework.security.web.servletapi.SecurityContextHolderAwareRequestFilter@7671c12b, org.springframework.security.web.authentication.AnonymousAuthenticationFilter@58373852, org.springframework.security.web.session.SessionManagementFilter@1f35b628, org.springframework.security.web.access.ExceptionTranslationFilter@136b5ae7, org.springframework.security.web.access.intercept.FilterSecurityInterceptor@6c008d64]
16:33:43.062 [ WARN] 21948 --- [restartedMain] o.s.b.d.a.OptionalLiveReloadServer       : Unable to start LiveReload server
16:33:43.093 [ INFO] 21948 --- [restartedMain] o.s.b.w.embedded.tomcat.TomcatWebServer  : Tomcat started on port(s): 8081 (http) with context path ''
16:33:43.106 [ INFO] 21948 --- [restartedMain] com.cloud.secure.streaming.Application   : Started Application in 4.351 seconds (JVM running for 5.12)
16:34:06.059 [ INFO] 21948 --- [http-nio-8081-exec-1] o.a.c.c.C.[Tomcat].[localhost].[/]       : Initializing Spring DispatcherServlet 'dispatcherServlet'
16:34:06.060 [ INFO] 21948 --- [http-nio-8081-exec-1] o.s.web.servlet.DispatcherServlet        : Initializing Servlet 'dispatcherServlet'
16:34:06.061 [ INFO] 21948 --- [http-nio-8081-exec-1] o.s.web.servlet.DispatcherServlet        : Completed initialization in 1 ms
16:34:06.649 [ INFO] 21948 --- [http-nio-8081-exec-9] o.springdoc.api.AbstractOpenApiResource  : Init duration for springdoc-openapi is: 189 ms
17:03:00.087 [ WARN] 21948 --- [http-nio-8081-exec-6] .m.m.a.ExceptionHandlerExceptionResolver : Resolved [com.cloud.secure.streaming.common.exceptions.ApplicationException: Invalid authenticated credential]
17:04:23.790 [ INFO] 21948 --- [http-nio-8081-exec-7] o.springdoc.api.AbstractOpenApiResource  : Init duration for springdoc-openapi is: 102 ms
17:45:21.336 [ WARN] 21948 --- [HikariPool-1 housekeeper] com.zaxxer.hikari.pool.HikariPool        : HikariPool-1 - Thread starvation or clock leap detected (housekeeper delta=3m30s827ms).
19:45:47.734 [ WARN] 21948 --- [HikariPool-1 housekeeper] com.zaxxer.hikari.pool.HikariPool        : HikariPool-1 - Thread starvation or clock leap detected (housekeeper delta=2h26s401ms).
